[2.019s] Invoking command in '/home/franco/Desktop/Robotica/first_ws/src/py_pubsub': DEBUGINFOD_URLS=https://debuginfod.ubuntu.com PYTHONPATH=/home/franco/Desktop/Robotica/first_ws/build/py_pubsub/prefix_override:/usr/lib/python3/dist-packages/colcon_core/task/python/colcon_distutils_commands:/home/franco/Desktop/Robotica/first_ws/install/py_pubsub/lib/python3.12/site-packages:${PYTHONPATH} /usr/bin/python3 -W ignore:setup.py install is deprecated -W ignore:easy_install command is deprecated setup.py egg_info --egg-base ../../build/py_pubsub build --build-base /home/franco/Desktop/Robotica/first_ws/build/py_pubsub/build install --record /home/franco/Desktop/Robotica/first_ws/build/py_pubsub/install.log --single-version-externally-managed install_data
[2.640s] running egg_info
[2.688s] writing ../../build/py_pubsub/py_pubsub.egg-info/PKG-INFO
[2.688s] writing dependency_links to ../../build/py_pubsub/py_pubsub.egg-info/dependency_links.txt
[2.689s] writing entry points to ../../build/py_pubsub/py_pubsub.egg-info/entry_points.txt
[2.689s] writing requirements to ../../build/py_pubsub/py_pubsub.egg-info/requires.txt
[2.689s] writing top-level names to ../../build/py_pubsub/py_pubsub.egg-info/top_level.txt
[2.790s] reading manifest file '../../build/py_pubsub/py_pubsub.egg-info/SOURCES.txt'
[2.790s] adding license file 'LICENSE'
[2.791s] writing manifest file '../../build/py_pubsub/py_pubsub.egg-info/SOURCES.txt'
[2.792s] running build
[2.792s] running build_py
[2.792s] running install
[2.805s] running install_lib
[2.860s] running install_data
[2.860s] running install_egg_info
[2.910s] removing '/home/franco/Desktop/Robotica/first_ws/install/py_pubsub/lib/python3.12/site-packages/py_pubsub-0.0.0-py3.12.egg-info' (and everything under it)
[2.911s] Copying ../../build/py_pubsub/py_pubsub.egg-info to /home/franco/Desktop/Robotica/first_ws/install/py_pubsub/lib/python3.12/site-packages/py_pubsub-0.0.0-py3.12.egg-info
[2.912s] running install_scripts
[3.250s] Installing pruebita_publicador script to /home/franco/Desktop/Robotica/first_ws/install/py_pubsub/lib/py_pubsub
[3.250s] Installing pruebita_subcriptor script to /home/franco/Desktop/Robotica/first_ws/install/py_pubsub/lib/py_pubsub
[3.250s] writing list of installed files to '/home/franco/Desktop/Robotica/first_ws/build/py_pubsub/install.log'
[3.302s] Invoked command in '/home/franco/Desktop/Robotica/first_ws/src/py_pubsub' returned '0': DEBUGINFOD_URLS=https://debuginfod.ubuntu.com PYTHONPATH=/home/franco/Desktop/Robotica/first_ws/build/py_pubsub/prefix_override:/usr/lib/python3/dist-packages/colcon_core/task/python/colcon_distutils_commands:/home/franco/Desktop/Robotica/first_ws/install/py_pubsub/lib/python3.12/site-packages:${PYTHONPATH} /usr/bin/python3 -W ignore:setup.py install is deprecated -W ignore:easy_install command is deprecated setup.py egg_info --egg-base ../../build/py_pubsub build --build-base /home/franco/Desktop/Robotica/first_ws/build/py_pubsub/build install --record /home/franco/Desktop/Robotica/first_ws/build/py_pubsub/install.log --single-version-externally-managed install_data
