/home/franco/Desktop/Robotica/first_ws/install/py_pubsub/lib/python3.12/site-packages/py_pubsub/SubNumbers.py
/home/franco/Desktop/Robotica/first_ws/install/py_pubsub/lib/python3.12/site-packages/py_pubsub/pub.py
/home/franco/Desktop/Robotica/first_ws/install/py_pubsub/lib/python3.12/site-packages/py_pubsub/sub.py
/home/franco/Desktop/Robotica/first_ws/install/py_pubsub/lib/python3.12/site-packages/py_pubsub/__init__.py
/home/franco/Desktop/Robotica/first_ws/install/py_pubsub/lib/python3.12/site-packages/py_pubsub/pubNumbers.py
/home/franco/Desktop/Robotica/first_ws/install/py_pubsub/lib/python3.12/site-packages/py_pubsub/__pycache__/SubNumbers.cpython-312.pyc
/home/franco/Desktop/Robotica/first_ws/install/py_pubsub/lib/python3.12/site-packages/py_pubsub/__pycache__/pub.cpython-312.pyc
/home/franco/Desktop/Robotica/first_ws/install/py_pubsub/lib/python3.12/site-packages/py_pubsub/__pycache__/sub.cpython-312.pyc
/home/franco/Desktop/Robotica/first_ws/install/py_pubsub/lib/python3.12/site-packages/py_pubsub/__pycache__/__init__.cpython-312.pyc
/home/franco/Desktop/Robotica/first_ws/install/py_pubsub/lib/python3.12/site-packages/py_pubsub/__pycache__/pubNumbers.cpython-312.pyc
/home/franco/Desktop/Robotica/first_ws/install/py_pubsub/share/ament_index/resource_index/packages/py_pubsub
/home/franco/Desktop/Robotica/first_ws/install/py_pubsub/share/py_pubsub/package.xml
/home/franco/Desktop/Robotica/first_ws/install/py_pubsub/lib/python3.12/site-packages/py_pubsub-0.0.0-py3.12.egg-info/entry_points.txt
/home/franco/Desktop/Robotica/first_ws/install/py_pubsub/lib/python3.12/site-packages/py_pubsub-0.0.0-py3.12.egg-info/dependency_links.txt
/home/franco/Desktop/Robotica/first_ws/install/py_pubsub/lib/python3.12/site-packages/py_pubsub-0.0.0-py3.12.egg-info/PKG-INFO
/home/franco/Desktop/Robotica/first_ws/install/py_pubsub/lib/python3.12/site-packages/py_pubsub-0.0.0-py3.12.egg-info/top_level.txt
/home/franco/Desktop/Robotica/first_ws/install/py_pubsub/lib/python3.12/site-packages/py_pubsub-0.0.0-py3.12.egg-info/SOURCES.txt
/home/franco/Desktop/Robotica/first_ws/install/py_pubsub/lib/python3.12/site-packages/py_pubsub-0.0.0-py3.12.egg-info/zip-safe
/home/franco/Desktop/Robotica/first_ws/install/py_pubsub/lib/python3.12/site-packages/py_pubsub-0.0.0-py3.12.egg-info/requires.txt
/home/franco/Desktop/Robotica/first_ws/install/py_pubsub/lib/py_pubsub/pruebita_publicador
/home/franco/Desktop/Robotica/first_ws/install/py_pubsub/lib/py_pubsub/pruebita_publicador_numeros
/home/franco/Desktop/Robotica/first_ws/install/py_pubsub/lib/py_pubsub/pruebita_subcriptor
/home/franco/Desktop/Robotica/first_ws/install/py_pubsub/lib/py_pubsub/pruebita_subcriptor_numeros
