[1.304s] Invoking command in '/home/franco/Desktop/Robotica/first_ws/src/py_pubsub': DEBUGINFOD_URLS=https://debuginfod.ubuntu.com PYTHONPATH=/home/franco/Desktop/Robotica/first_ws/build/py_pubsub/prefix_override:/usr/lib/python3/dist-packages/colcon_core/task/python/colcon_distutils_commands:/home/franco/Desktop/Robotica/first_ws/install/py_pubsub/lib/python3.12/site-packages:${PYTHONPATH} /usr/bin/python3 -W ignore:setup.py install is deprecated -W ignore:easy_install command is deprecated setup.py egg_info --egg-base ../../build/py_pubsub build --build-base /home/franco/Desktop/Robotica/first_ws/build/py_pubsub/build install --record /home/franco/Desktop/Robotica/first_ws/build/py_pubsub/install.log --single-version-externally-managed install_data
[1.661s] running egg_info
[1.661s] creating ../../build/py_pubsub/py_pubsub.egg-info
[1.687s] writing ../../build/py_pubsub/py_pubsub.egg-info/PKG-INFO
[1.687s] writing dependency_links to ../../build/py_pubsub/py_pubsub.egg-info/dependency_links.txt
[1.688s] writing entry points to ../../build/py_pubsub/py_pubsub.egg-info/entry_points.txt
[1.688s] writing requirements to ../../build/py_pubsub/py_pubsub.egg-info/requires.txt
[1.688s] writing top-level names to ../../build/py_pubsub/py_pubsub.egg-info/top_level.txt
[1.688s] writing manifest file '../../build/py_pubsub/py_pubsub.egg-info/SOURCES.txt'
[1.745s] reading manifest file '../../build/py_pubsub/py_pubsub.egg-info/SOURCES.txt'
[1.745s] adding license file 'LICENSE'
[1.746s] writing manifest file '../../build/py_pubsub/py_pubsub.egg-info/SOURCES.txt'
[1.746s] running build
[1.746s] running build_py
[1.746s] creating /home/franco/Desktop/Robotica/first_ws/build/py_pubsub/build
[1.746s] creating /home/franco/Desktop/Robotica/first_ws/build/py_pubsub/build/lib
[1.746s] creating /home/franco/Desktop/Robotica/first_ws/build/py_pubsub/build/lib/py_pubsub
[1.746s] copying py_pubsub/pub.py -> /home/franco/Desktop/Robotica/first_ws/build/py_pubsub/build/lib/py_pubsub
[1.747s] copying py_pubsub/__init__.py -> /home/franco/Desktop/Robotica/first_ws/build/py_pubsub/build/lib/py_pubsub
[1.747s] running install
[1.754s] running install_lib
[1.780s] creating /home/franco/Desktop/Robotica/first_ws/install/py_pubsub/lib/python3.12/site-packages/py_pubsub
[1.781s] copying /home/franco/Desktop/Robotica/first_ws/build/py_pubsub/build/lib/py_pubsub/pub.py -> /home/franco/Desktop/Robotica/first_ws/install/py_pubsub/lib/python3.12/site-packages/py_pubsub
[1.781s] copying /home/franco/Desktop/Robotica/first_ws/build/py_pubsub/build/lib/py_pubsub/__init__.py -> /home/franco/Desktop/Robotica/first_ws/install/py_pubsub/lib/python3.12/site-packages/py_pubsub
[1.781s] byte-compiling /home/franco/Desktop/Robotica/first_ws/install/py_pubsub/lib/python3.12/site-packages/py_pubsub/pub.py to pub.cpython-312.pyc
[1.782s] byte-compiling /home/franco/Desktop/Robotica/first_ws/install/py_pubsub/lib/python3.12/site-packages/py_pubsub/__init__.py to __init__.cpython-312.pyc
[1.782s] running install_data
[1.782s] creating /home/franco/Desktop/Robotica/first_ws/install/py_pubsub/share/ament_index
[1.782s] creating /home/franco/Desktop/Robotica/first_ws/install/py_pubsub/share/ament_index/resource_index
[1.782s] creating /home/franco/Desktop/Robotica/first_ws/install/py_pubsub/share/ament_index/resource_index/packages
[1.782s] copying resource/py_pubsub -> /home/franco/Desktop/Robotica/first_ws/install/py_pubsub/share/ament_index/resource_index/packages
[1.782s] copying package.xml -> /home/franco/Desktop/Robotica/first_ws/install/py_pubsub/share/py_pubsub
[1.782s] running install_egg_info
[1.810s] Copying ../../build/py_pubsub/py_pubsub.egg-info to /home/franco/Desktop/Robotica/first_ws/install/py_pubsub/lib/python3.12/site-packages/py_pubsub-0.0.0-py3.12.egg-info
[1.811s] running install_scripts
[2.000s] Installing talker script to /home/franco/Desktop/Robotica/first_ws/install/py_pubsub/lib/py_pubsub
[2.001s] writing list of installed files to '/home/franco/Desktop/Robotica/first_ws/build/py_pubsub/install.log'
[2.030s] Invoked command in '/home/franco/Desktop/Robotica/first_ws/src/py_pubsub' returned '0': DEBUGINFOD_URLS=https://debuginfod.ubuntu.com PYTHONPATH=/home/franco/Desktop/Robotica/first_ws/build/py_pubsub/prefix_override:/usr/lib/python3/dist-packages/colcon_core/task/python/colcon_distutils_commands:/home/franco/Desktop/Robotica/first_ws/install/py_pubsub/lib/python3.12/site-packages:${PYTHONPATH} /usr/bin/python3 -W ignore:setup.py install is deprecated -W ignore:easy_install command is deprecated setup.py egg_info --egg-base ../../build/py_pubsub build --build-base /home/franco/Desktop/Robotica/first_ws/build/py_pubsub/build install --record /home/franco/Desktop/Robotica/first_ws/build/py_pubsub/install.log --single-version-externally-managed install_data
