[0.220s] DEBUG:colcon:Command line arguments: ['/usr/bin/colcon', 'build']
[0.220s] DEBUG:colcon:Parsed command line arguments: Namespace(log_base=None, log_level=None, verb_name='build', build_base='build', install_base='install', merge_install=False, symlink_install=False, test_result_base=None, continue_on_error=False, executor='parallel', parallel_workers=16, event_handlers=None, ignore_user_meta=False, metas=['./colcon.meta'], base_paths=['.'], packages_ignore=None, packages_ignore_regex=None, paths=None, packages_up_to=None, packages_up_to_regex=None, packages_above=None, packages_above_and_dependencies=None, packages_above_depth=None, packages_select_by_dep=None, packages_skip_by_dep=None, packages_skip_up_to=None, packages_select_build_failed=False, packages_skip_build_finished=False, packages_select_test_failures=False, packages_skip_test_passed=False, packages_select=None, packages_skip=None, packages_select_regex=None, packages_skip_regex=None, packages_start=None, packages_end=None, allow_overriding=[], cmake_args=None, cmake_target=None, cmake_target_skip_unavailable=False, cmake_clean_cache=False, cmake_clean_first=False, cmake_force_configure=False, ament_cmake_args=None, catkin_cmake_args=None, catkin_skip_building_tests=False, mixin_files=None, mixin=None, verb_parser=<colcon_mixin.mixin.mixin_argument.MixinArgumentDecorator object at 0x72e75eac19d0>, verb_extension=<colcon_core.verb.build.BuildVerb object at 0x72e75ebe63c0>, main=<bound method BuildVerb.main of <colcon_core.verb.build.BuildVerb object at 0x72e75ebe63c0>>, mixin_verb=('build',))
[0.289s] Level 1:colcon.colcon_core.package_discovery:discover_packages(colcon_meta) check parameters
[0.290s] Level 1:colcon.colcon_core.package_discovery:discover_packages(recursive) check parameters
[0.290s] Level 1:colcon.colcon_core.package_discovery:discover_packages(ignore) check parameters
[0.290s] Level 1:colcon.colcon_core.package_discovery:discover_packages(path) check parameters
[0.290s] Level 1:colcon.colcon_core.package_discovery:discover_packages(colcon_meta) discover
[0.290s] Level 1:colcon.colcon_core.package_discovery:discover_packages(recursive) discover
[0.290s] INFO:colcon.colcon_core.package_discovery:Crawling recursively for packages in '/home/franco/Desktop/Robotica/first_ws'
[0.290s] Level 1:colcon.colcon_core.package_identification:_identify(.) by extensions ['ignore', 'ignore_ament_install']
[0.290s] Level 1:colcon.colcon_core.package_identification:_identify(.) by extension 'ignore'
[0.291s] Level 1:colcon.colcon_core.package_identification:_identify(.) by extension 'ignore_ament_install'
[0.291s] Level 1:colcon.colcon_core.package_identification:_identify(.) by extensions ['colcon_pkg']
[0.291s] Level 1:colcon.colcon_core.package_identification:_identify(.) by extension 'colcon_pkg'
[0.291s] Level 1:colcon.colcon_core.package_identification:_identify(.) by extensions ['colcon_meta']
[0.291s] Level 1:colcon.colcon_core.package_identification:_identify(.) by extension 'colcon_meta'
[0.291s] Level 1:colcon.colcon_core.package_identification:_identify(.) by extensions ['ros']
[0.291s] Level 1:colcon.colcon_core.package_identification:_identify(.) by extension 'ros'
[0.339s] Level 1:colcon.colcon_core.package_identification:_identify(.) by extensions ['cmake', 'python']
[0.339s] Level 1:colcon.colcon_core.package_identification:_identify(.) by extension 'cmake'
[0.339s] Level 1:colcon.colcon_core.package_identification:_identify(.) by extension 'python'
[0.339s] Level 1:colcon.colcon_core.package_identification:_identify(.) by extensions ['python_setup_py']
[0.339s] Level 1:colcon.colcon_core.package_identification:_identify(.) by extension 'python_setup_py'
[0.340s] Level 1:colcon.colcon_core.package_identification:_identify(build) by extensions ['ignore', 'ignore_ament_install']
[0.340s] Level 1:colcon.colcon_core.package_identification:_identify(build) by extension 'ignore'
[0.340s] Level 1:colcon.colcon_core.package_identification:_identify(build) ignored
[0.340s] Level 1:colcon.colcon_core.package_identification:_identify(install) by extensions ['ignore', 'ignore_ament_install']
[0.340s] Level 1:colcon.colcon_core.package_identification:_identify(install) by extension 'ignore'
[0.340s] Level 1:colcon.colcon_core.package_identification:_identify(install) ignored
[0.341s] Level 1:colcon.colcon_core.package_identification:_identify(log) by extensions ['ignore', 'ignore_ament_install']
[0.341s] Level 1:colcon.colcon_core.package_identification:_identify(log) by extension 'ignore'
[0.341s] Level 1:colcon.colcon_core.package_identification:_identify(log) ignored
[0.341s] Level 1:colcon.colcon_core.package_identification:_identify(src) by extensions ['ignore', 'ignore_ament_install']
[0.341s] Level 1:colcon.colcon_core.package_identification:_identify(src) by extension 'ignore'
[0.341s] Level 1:colcon.colcon_core.package_identification:_identify(src) by extension 'ignore_ament_install'
[0.341s] Level 1:colcon.colcon_core.package_identification:_identify(src) by extensions ['colcon_pkg']
[0.341s] Level 1:colcon.colcon_core.package_identification:_identify(src) by extension 'colcon_pkg'
[0.341s] Level 1:colcon.colcon_core.package_identification:_identify(src) by extensions ['colcon_meta']
[0.341s] Level 1:colcon.colcon_core.package_identification:_identify(src) by extension 'colcon_meta'
[0.342s] Level 1:colcon.colcon_core.package_identification:_identify(src) by extensions ['ros']
[0.342s] Level 1:colcon.colcon_core.package_identification:_identify(src) by extension 'ros'
[0.342s] Level 1:colcon.colcon_core.package_identification:_identify(src) by extensions ['cmake', 'python']
[0.342s] Level 1:colcon.colcon_core.package_identification:_identify(src) by extension 'cmake'
[0.342s] Level 1:colcon.colcon_core.package_identification:_identify(src) by extension 'python'
[0.342s] Level 1:colcon.colcon_core.package_identification:_identify(src) by extensions ['python_setup_py']
[0.342s] Level 1:colcon.colcon_core.package_identification:_identify(src) by extension 'python_setup_py'
[0.342s] Level 1:colcon.colcon_core.package_identification:_identify(src/py_pubsub) by extensions ['ignore', 'ignore_ament_install']
[0.342s] Level 1:colcon.colcon_core.package_identification:_identify(src/py_pubsub) by extension 'ignore'
[0.342s] Level 1:colcon.colcon_core.package_identification:_identify(src/py_pubsub) by extension 'ignore_ament_install'
[0.342s] Level 1:colcon.colcon_core.package_identification:_identify(src/py_pubsub) by extensions ['colcon_pkg']
[0.343s] Level 1:colcon.colcon_core.package_identification:_identify(src/py_pubsub) by extension 'colcon_pkg'
[0.343s] Level 1:colcon.colcon_core.package_identification:_identify(src/py_pubsub) by extensions ['colcon_meta']
[0.343s] Level 1:colcon.colcon_core.package_identification:_identify(src/py_pubsub) by extension 'colcon_meta'
[0.343s] Level 1:colcon.colcon_core.package_identification:_identify(src/py_pubsub) by extensions ['ros']
[0.343s] Level 1:colcon.colcon_core.package_identification:_identify(src/py_pubsub) by extension 'ros'
[0.347s] DEBUG:colcon.colcon_core.package_identification:Package 'src/py_pubsub' with type 'ros.ament_python' and name 'py_pubsub'
[0.347s] Level 1:colcon.colcon_core.package_discovery:discover_packages(recursive) using defaults
[0.347s] Level 1:colcon.colcon_core.package_discovery:discover_packages(ignore) discover
[0.347s] Level 1:colcon.colcon_core.package_discovery:discover_packages(ignore) using defaults
[0.347s] Level 1:colcon.colcon_core.package_discovery:discover_packages(path) discover
[0.347s] Level 1:colcon.colcon_core.package_discovery:discover_packages(path) using defaults
[0.380s] Level 1:colcon.colcon_core.package_discovery:discover_packages(prefix_path) check parameters
[0.380s] Level 1:colcon.colcon_core.package_discovery:discover_packages(prefix_path) discover
[0.383s] DEBUG:colcon.colcon_installed_package_information.package_discovery:Found 1 installed packages in /home/franco/Desktop/Robotica/first_ws/install
[0.386s] DEBUG:colcon.colcon_installed_package_information.package_discovery:Found 287 installed packages in /opt/ros/jazzy
[0.389s] Level 1:colcon.colcon_core.package_discovery:discover_packages(prefix_path) using defaults
[0.464s] Level 5:colcon.colcon_core.verb:set package 'py_pubsub' build argument 'cmake_args' from command line to 'None'
[0.465s] Level 5:colcon.colcon_core.verb:set package 'py_pubsub' build argument 'cmake_target' from command line to 'None'
[0.465s] Level 5:colcon.colcon_core.verb:set package 'py_pubsub' build argument 'cmake_target_skip_unavailable' from command line to 'False'
[0.465s] Level 5:colcon.colcon_core.verb:set package 'py_pubsub' build argument 'cmake_clean_cache' from command line to 'False'
[0.465s] Level 5:colcon.colcon_core.verb:set package 'py_pubsub' build argument 'cmake_clean_first' from command line to 'False'
[0.465s] Level 5:colcon.colcon_core.verb:set package 'py_pubsub' build argument 'cmake_force_configure' from command line to 'False'
[0.465s] Level 5:colcon.colcon_core.verb:set package 'py_pubsub' build argument 'ament_cmake_args' from command line to 'None'
[0.465s] Level 5:colcon.colcon_core.verb:set package 'py_pubsub' build argument 'catkin_cmake_args' from command line to 'None'
[0.465s] Level 5:colcon.colcon_core.verb:set package 'py_pubsub' build argument 'catkin_skip_building_tests' from command line to 'False'
[0.465s] DEBUG:colcon.colcon_core.verb:Building package 'py_pubsub' with the following arguments: {'ament_cmake_args': None, 'build_base': '/home/franco/Desktop/Robotica/first_ws/build/py_pubsub', 'catkin_cmake_args': None, 'catkin_skip_building_tests': False, 'cmake_args': None, 'cmake_clean_cache': False, 'cmake_clean_first': False, 'cmake_force_configure': False, 'cmake_target': None, 'cmake_target_skip_unavailable': False, 'install_base': '/home/franco/Desktop/Robotica/first_ws/install/py_pubsub', 'merge_install': False, 'path': '/home/franco/Desktop/Robotica/first_ws/src/py_pubsub', 'symlink_install': False, 'test_result_base': None}
[0.465s] INFO:colcon.colcon_core.executor:Executing jobs using 'parallel' executor
[0.467s] DEBUG:colcon.colcon_parallel_executor.executor.parallel:run_until_complete
[0.467s] INFO:colcon.colcon_ros.task.ament_python.build:Building ROS package in '/home/franco/Desktop/Robotica/first_ws/src/py_pubsub' with build type 'ament_python'
[0.468s] Level 1:colcon.colcon_core.shell:create_environment_hook('py_pubsub', 'ament_prefix_path')
[0.471s] INFO:colcon.colcon_core.plugin_system:Skipping extension 'colcon_core.shell.bat': Not used on non-Windows systems
[0.471s] INFO:colcon.colcon_core.shell:Creating environment hook '/home/franco/Desktop/Robotica/first_ws/install/py_pubsub/share/py_pubsub/hook/ament_prefix_path.ps1'
[0.473s] INFO:colcon.colcon_core.shell:Creating environment descriptor '/home/franco/Desktop/Robotica/first_ws/install/py_pubsub/share/py_pubsub/hook/ament_prefix_path.dsv'
[0.474s] INFO:colcon.colcon_core.shell:Creating environment hook '/home/franco/Desktop/Robotica/first_ws/install/py_pubsub/share/py_pubsub/hook/ament_prefix_path.sh'
[0.475s] INFO:colcon.colcon_core.shell:Skip shell extension 'powershell' for command environment: Not usable outside of PowerShell
[0.475s] DEBUG:colcon.colcon_core.shell:Skip shell extension 'dsv' for command environment
[1.007s] INFO:colcon.colcon_core.task.python.build:Building Python package in '/home/franco/Desktop/Robotica/first_ws/src/py_pubsub'
[1.008s] INFO:colcon.colcon_core.shell:Skip shell extension 'powershell' for command environment: Not usable outside of PowerShell
[1.008s] DEBUG:colcon.colcon_core.shell:Skip shell extension 'dsv' for command environment
[2.656s] DEBUG:colcon.colcon_core.event_handler.log_command:Invoking command in '/home/franco/Desktop/Robotica/first_ws/src/py_pubsub': DEBUGINFOD_URLS=https://debuginfod.ubuntu.com PYTHONPATH=/home/franco/Desktop/Robotica/first_ws/build/py_pubsub/prefix_override:/usr/lib/python3/dist-packages/colcon_core/task/python/colcon_distutils_commands:/home/franco/Desktop/Robotica/first_ws/install/py_pubsub/lib/python3.12/site-packages:${PYTHONPATH} /usr/bin/python3 -W ignore:setup.py install is deprecated -W ignore:easy_install command is deprecated setup.py egg_info --egg-base ../../build/py_pubsub build --build-base /home/franco/Desktop/Robotica/first_ws/build/py_pubsub/build install --record /home/franco/Desktop/Robotica/first_ws/build/py_pubsub/install.log --single-version-externally-managed install_data
[4.103s] DEBUG:colcon.colcon_core.event_handler.log_command:Invoked command in '/home/franco/Desktop/Robotica/first_ws/src/py_pubsub' returned '0': DEBUGINFOD_URLS=https://debuginfod.ubuntu.com PYTHONPATH=/home/franco/Desktop/Robotica/first_ws/build/py_pubsub/prefix_override:/usr/lib/python3/dist-packages/colcon_core/task/python/colcon_distutils_commands:/home/franco/Desktop/Robotica/first_ws/install/py_pubsub/lib/python3.12/site-packages:${PYTHONPATH} /usr/bin/python3 -W ignore:setup.py install is deprecated -W ignore:easy_install command is deprecated setup.py egg_info --egg-base ../../build/py_pubsub build --build-base /home/franco/Desktop/Robotica/first_ws/build/py_pubsub/build install --record /home/franco/Desktop/Robotica/first_ws/build/py_pubsub/install.log --single-version-externally-managed install_data
[4.108s] Level 1:colcon.colcon_core.environment:checking '/home/franco/Desktop/Robotica/first_ws/install/py_pubsub' for CMake module files
[4.110s] Level 1:colcon.colcon_core.environment:checking '/home/franco/Desktop/Robotica/first_ws/install/py_pubsub' for CMake config files
[4.111s] Level 1:colcon.colcon_core.environment:checking '/home/franco/Desktop/Robotica/first_ws/install/py_pubsub/lib'
[4.112s] Level 1:colcon.colcon_core.environment:checking '/home/franco/Desktop/Robotica/first_ws/install/py_pubsub/bin'
[4.112s] Level 1:colcon.colcon_core.environment:checking '/home/franco/Desktop/Robotica/first_ws/install/py_pubsub/lib/pkgconfig/py_pubsub.pc'
[4.113s] Level 1:colcon.colcon_core.environment:checking '/home/franco/Desktop/Robotica/first_ws/install/py_pubsub/lib/python3.12/site-packages'
[4.113s] Level 1:colcon.colcon_core.shell:create_environment_hook('py_pubsub', 'pythonpath')
[4.113s] INFO:colcon.colcon_core.shell:Creating environment hook '/home/franco/Desktop/Robotica/first_ws/install/py_pubsub/share/py_pubsub/hook/pythonpath.ps1'
[4.115s] INFO:colcon.colcon_core.shell:Creating environment descriptor '/home/franco/Desktop/Robotica/first_ws/install/py_pubsub/share/py_pubsub/hook/pythonpath.dsv'
[4.116s] INFO:colcon.colcon_core.shell:Creating environment hook '/home/franco/Desktop/Robotica/first_ws/install/py_pubsub/share/py_pubsub/hook/pythonpath.sh'
[4.118s] Level 1:colcon.colcon_core.environment:checking '/home/franco/Desktop/Robotica/first_ws/install/py_pubsub/bin'
[4.118s] Level 1:colcon.colcon_core.environment:create_environment_scripts_only(py_pubsub)
[4.119s] INFO:colcon.colcon_core.shell:Creating package script '/home/franco/Desktop/Robotica/first_ws/install/py_pubsub/share/py_pubsub/package.ps1'
[4.120s] INFO:colcon.colcon_core.shell:Creating package descriptor '/home/franco/Desktop/Robotica/first_ws/install/py_pubsub/share/py_pubsub/package.dsv'
[4.122s] INFO:colcon.colcon_core.shell:Creating package script '/home/franco/Desktop/Robotica/first_ws/install/py_pubsub/share/py_pubsub/package.sh'
[4.123s] INFO:colcon.colcon_core.shell:Creating package script '/home/franco/Desktop/Robotica/first_ws/install/py_pubsub/share/py_pubsub/package.bash'
[4.125s] INFO:colcon.colcon_core.shell:Creating package script '/home/franco/Desktop/Robotica/first_ws/install/py_pubsub/share/py_pubsub/package.zsh'
[4.126s] Level 1:colcon.colcon_core.environment:create_file_with_runtime_dependencies(/home/franco/Desktop/Robotica/first_ws/install/py_pubsub/share/colcon-core/packages/py_pubsub)
[4.127s] DEBUG:colcon.colcon_parallel_executor.executor.parallel:closing loop
[4.128s] DEBUG:colcon.colcon_parallel_executor.executor.parallel:loop closed
[4.128s] DEBUG:colcon.colcon_parallel_executor.executor.parallel:run_until_complete finished with '0'
[4.128s] DEBUG:colcon.colcon_core.event_reactor:joining thread
[4.139s] INFO:colcon.colcon_core.plugin_system:Skipping extension 'colcon_notification.desktop_notification.terminal_notifier': Not used on non-Darwin systems
[4.139s] INFO:colcon.colcon_core.plugin_system:Skipping extension 'colcon_notification.desktop_notification.win32': Not used on non-Windows systems
[4.139s] INFO:colcon.colcon_notification.desktop_notification:Sending desktop notification using 'notify2'
[4.161s] DEBUG:colcon.colcon_core.event_reactor:joined thread
[4.162s] INFO:colcon.colcon_core.shell:Creating prefix script '/home/franco/Desktop/Robotica/first_ws/install/local_setup.ps1'
[4.164s] INFO:colcon.colcon_core.shell:Creating prefix util module '/home/franco/Desktop/Robotica/first_ws/install/_local_setup_util_ps1.py'
[4.167s] INFO:colcon.colcon_core.shell:Creating prefix chain script '/home/franco/Desktop/Robotica/first_ws/install/setup.ps1'
[4.169s] INFO:colcon.colcon_core.shell:Creating prefix script '/home/franco/Desktop/Robotica/first_ws/install/local_setup.sh'
[4.170s] INFO:colcon.colcon_core.shell:Creating prefix util module '/home/franco/Desktop/Robotica/first_ws/install/_local_setup_util_sh.py'
[4.171s] INFO:colcon.colcon_core.shell:Creating prefix chain script '/home/franco/Desktop/Robotica/first_ws/install/setup.sh'
[4.174s] INFO:colcon.colcon_core.shell:Creating prefix script '/home/franco/Desktop/Robotica/first_ws/install/local_setup.bash'
[4.175s] INFO:colcon.colcon_core.shell:Creating prefix chain script '/home/franco/Desktop/Robotica/first_ws/install/setup.bash'
[4.177s] INFO:colcon.colcon_core.shell:Creating prefix script '/home/franco/Desktop/Robotica/first_ws/install/local_setup.zsh'
[4.178s] INFO:colcon.colcon_core.shell:Creating prefix chain script '/home/franco/Desktop/Robotica/first_ws/install/setup.zsh'
